<?xml version="1.0" encoding="utf-8"?><testsuites name="pytest tests"><testsuite name="pytest" errors="0" failures="0" skipped="0" tests="12" time="0.081" timestamp="2026-08-23T17:10:39.809494+00:00" hostname="a0c6bd62e099"><testcase classname="tests.test_meio_engine" name="test_service_level_factor_and_core_equations" time="0.033" /><testcase classname="tests.test_meio_engine" name="test_echelon_inventory_includes_downstream_effective_inventory" time="0.001" /><testcase classname="tests.test_meio_engine" name="test_repair_return_credit_uses_only_caller_supplied_values" time="0.000" /><testcase classname="tests.test_meio_engine" name="test_topology_cycle_is_rejected" time="0.001" /><testcase classname="tests.test_meio_engine" name="test_guardrail_requires_approval_and_preserves_prior_values" time="0.000" /><testcase classname="tests.test_meio_engine" name="test_baseline_run_is_structured_and_respects_global_constraints" time="0.001" /><testcase classname="tests.test_meio_engine" name="test_node_capacity_is_never_exceeded_after_primary_allocation" time="0.001" /><testcase classname="tests.test_meio_engine" name="test_edge_flow_capacity_binds_when_supplied" time="0.001" /><testcase classname="tests.test_meio_engine" name="test_invalid_service_level_is_rejected_through_lambda_contract" time="0.001" /><testcase classname="tests.test_meio_engine" name="test_missing_required_field_returns_400" time="0.000" /><testcase classname="tests.test_meio_engine" name="test_risk_simulation_is_reproducible_with_explicit_seed" time="0.004" /><testcase classname="tests.test_meio_engine" name="test_offline_replay_uses_only_supplied_observations_and_baseline" time="0.001" /></testsuite></testsuites>