============================= test session starts ==============================
platform linux -- Python 3.13.5, pytest-9.0.2, pluggy-1.6.0 -- /opt/pyvenv/bin/python
cachedir: .pytest_cache
metadata: {'Python': '3.13.5', 'Platform': 'Linux-6.18.35-x86_64-with-glibc2.41', 'Packages': {'pytest': '9.0.2', 'pluggy': '1.6.0'}, 'Plugins': {'ddtrace': '4.4.0', 'cov': '7.0.0', 'json-report': '1.5.0', 'Faker': '40.1.2', 'asyncio': '1.3.0', 'anyio': '4.13.0', 'metadata': '3.1.1'}, 'PLATFORM': 'linux/amd64', 'CI': 'true'}
rootdir: /mnt/data/meio_clean
plugins: ddtrace-4.4.0, cov-7.0.0, json-report-1.5.0, Faker-40.1.2, asyncio-1.3.0, anyio-4.13.0, metadata-3.1.1
asyncio: mode=Mode.STRICT, debug=False, asyncio_default_fixture_loop_scope=None, asyncio_default_test_loop_scope=function
collecting ... collected 12 items

tests/test_meio_engine.py::test_service_level_factor_and_core_equations PASSED [  8%]
tests/test_meio_engine.py::test_echelon_inventory_includes_downstream_effective_inventory PASSED [ 16%]
tests/test_meio_engine.py::test_repair_return_credit_uses_only_caller_supplied_values PASSED [ 25%]
tests/test_meio_engine.py::test_topology_cycle_is_rejected PASSED        [ 33%]
tests/test_meio_engine.py::test_guardrail_requires_approval_and_preserves_prior_values PASSED [ 41%]
tests/test_meio_engine.py::test_baseline_run_is_structured_and_respects_global_constraints PASSED [ 50%]
tests/test_meio_engine.py::test_node_capacity_is_never_exceeded_after_primary_allocation PASSED [ 58%]
tests/test_meio_engine.py::test_edge_flow_capacity_binds_when_supplied PASSED [ 66%]
tests/test_meio_engine.py::test_invalid_service_level_is_rejected_through_lambda_contract PASSED [ 75%]
tests/test_meio_engine.py::test_missing_required_field_returns_400 PASSED [ 83%]
tests/test_meio_engine.py::test_risk_simulation_is_reproducible_with_explicit_seed PASSED [ 91%]
tests/test_meio_engine.py::test_offline_replay_uses_only_supplied_observations_and_baseline PASSED [100%]

============================== 12 passed in 0.10s ==============================
